Copyright 1986-2022 Xilinx, Inc. All Rights Reserved. Copyright 2022-2025 Advanced Micro Devices, Inc. All Rights Reserved.
---------------------------------------------------------------------------------------------------------------------------------------------
| Tool Version : Vivado v.2025.1 (win64) Build 6140274 Thu May 22 00:12:29 MDT 2025
| Date         : Thu Feb 26 22:52:58 2026
| Host         : Jayyy running 64-bit major release  (build 9200)
| Command      : report_control_sets -verbose -file matmul_top_control_sets_placed.rpt
| Design       : matmul_top
| Device       : xc7a35ti
---------------------------------------------------------------------------------------------------------------------------------------------

Control Set Information

Table of Contents
-----------------
1. Summary
2. Histogram
3. Flip-Flop Distribution
4. Detailed Control Set Information

1. Summary
----------

+----------------------------------------------------------+-------+
|                          Status                          | Count |
+----------------------------------------------------------+-------+
| Total control sets                                       |    26 |
|    Minimum number of control sets                        |    26 |
|    Addition due to synthesis replication                 |     0 |
|    Addition due to physical synthesis replication        |     0 |
| Unused register locations in slices containing registers |    92 |
+----------------------------------------------------------+-------+
* Control sets can be merged at opt_design using control_set_merge or merge_equivalent_drivers
** Run report_qor_suggestions for automated merging and remapping suggestions


2. Histogram
------------

+--------------------+-------+
|       Fanout       | Count |
+--------------------+-------+
| Total control sets |    26 |
| >= 0 to < 4        |     9 |
| >= 4 to < 6        |     3 |
| >= 6 to < 8        |     0 |
| >= 8 to < 10       |     3 |
| >= 10 to < 12      |     0 |
| >= 12 to < 14      |     0 |
| >= 14 to < 16      |     0 |
| >= 16              |    11 |
+--------------------+-------+
* Control sets can be remapped at either synth_design or opt_design


3. Flip-Flop Distribution
-------------------------

+--------------+-----------------------+------------------------+-----------------+--------------+
| Clock Enable | Synchronous Set/Reset | Asynchronous Set/Reset | Total Registers | Total Slices |
+--------------+-----------------------+------------------------+-----------------+--------------+
| No           | No                    | No                     |               0 |            0 |
| No           | No                    | Yes                    |               0 |            0 |
| No           | Yes                   | No                     |              26 |           13 |
| Yes          | No                    | No                     |              49 |           11 |
| Yes          | No                    | Yes                    |               0 |            0 |
| Yes          | Yes                   | No                     |             361 |          111 |
+--------------+-----------------------+------------------------+-----------------+--------------+


4. Detailed Control Set Information
-----------------------------------

+-----------------------+---------------------------------------------+----------------------------------------------------+------------------+----------------+--------------+
|      Clock Signal     |                Enable Signal                |                  Set/Reset Signal                  | Slice Load Count | Bel Load Count | Bels / Slice |
+-----------------------+---------------------------------------------+----------------------------------------------------+------------------+----------------+--------------+
|  S_AXI_ACLK_IBUF_BUFG | u_axi_slave/S_AXI_ARREADY_i_1_n_0           | u_axi_slave/S_AXI_ARESETN                          |                1 |              1 |         1.00 |
|  S_AXI_ACLK_IBUF_BUFG | u_axi_slave/S_AXI_AWREADY_i_1_n_0           | u_axi_slave/S_AXI_ARESETN                          |                1 |              1 |         1.00 |
|  S_AXI_ACLK_IBUF_BUFG | u_axi_slave/S_AXI_BVALID_i_1_n_0            | u_axi_slave/S_AXI_ARESETN                          |                1 |              1 |         1.00 |
|  S_AXI_ACLK_IBUF_BUFG | u_axi_slave/S_AXI_RVALID_i_1_n_0            | u_axi_slave/S_AXI_ARESETN                          |                1 |              1 |         1.00 |
|  S_AXI_ACLK_IBUF_BUFG | u_axi_slave/S_AXI_WREADY_i_1_n_0            | u_axi_slave/S_AXI_ARESETN                          |                1 |              1 |         1.00 |
|  S_AXI_ACLK_IBUF_BUFG | u_core/u_control_fsm/a_row_idx[1]_i_1_n_0   | u_axi_slave/S_AXI_ARESETN                          |                1 |              2 |         2.00 |
|  S_AXI_ACLK_IBUF_BUFG | u_core/u_control_fsm/a_col_idx[1]_i_1_n_0   | u_axi_slave/S_AXI_ARESETN                          |                1 |              2 |         2.00 |
|  S_AXI_ACLK_IBUF_BUFG | u_core/u_control_fsm/CEB2                   | u_axi_slave/S_AXI_ARESETN                          |                1 |              2 |         2.00 |
|  S_AXI_ACLK_IBUF_BUFG | u_core/u_control_fsm/CEC                    | u_axi_slave/S_AXI_ARESETN                          |                1 |              2 |         2.00 |
|  S_AXI_ACLK_IBUF_BUFG | u_axi_slave/rd_r_addr[3]_i_1_n_0            | u_axi_slave/S_AXI_ARESETN                          |                2 |              4 |         2.00 |
|  S_AXI_ACLK_IBUF_BUFG | u_axi_slave/rd_a_en                         | u_axi_slave/S_AXI_ARESETN                          |                2 |              4 |         2.00 |
|  S_AXI_ACLK_IBUF_BUFG | u_axi_slave/rd_b_addr[3]_i_1_n_0            | u_axi_slave/S_AXI_ARESETN                          |                1 |              4 |         4.00 |
|  S_AXI_ACLK_IBUF_BUFG | u_core/u_control_fsm/drain_cnt_0            | u_axi_slave/S_AXI_ARESETN                          |                3 |              8 |         2.67 |
|  S_AXI_ACLK_IBUF_BUFG | u_axi_slave/S_AXI_ARREADY_i_2_n_0           | u_axi_slave/S_AXI_ARESETN                          |                3 |              8 |         2.67 |
|  S_AXI_ACLK_IBUF_BUFG | u_axi_slave/dim_reg                         | u_axi_slave/S_AXI_ARESETN                          |                3 |              8 |         2.67 |
|  S_AXI_ACLK_IBUF_BUFG | u_axi_slave/axi_awaddr[15]_i_1_n_0          | u_axi_slave/S_AXI_ARESETN                          |                4 |             16 |         4.00 |
|  S_AXI_ACLK_IBUF_BUFG |                                             | u_axi_slave/S_AXI_ARESETN                          |               13 |             26 |         2.00 |
|  S_AXI_ACLK_IBUF_BUFG | u_core/u_control_fsm/cycle_cnt_reg_1        | u_axi_slave/S_AXI_ARESETN                          |                8 |             32 |         4.00 |
|  S_AXI_ACLK_IBUF_BUFG | u_axi_slave/FSM_onehot_rd_state_reg_n_0_[2] | u_axi_slave/S_AXI_ARESETN                          |               14 |             32 |         2.29 |
|  S_AXI_ACLK_IBUF_BUFG | u_axi_slave/rd_reg_data[31]_i_1_n_0         | u_axi_slave/S_AXI_ARESETN                          |               11 |             32 |         2.91 |
|  S_AXI_ACLK_IBUF_BUFG | u_axi_slave/E[0]                            |                                                    |                6 |             32 |         5.33 |
|  S_AXI_ACLK_IBUF_BUFG | u_core/u_control_fsm/sa_enable              |                                                    |                5 |             34 |         6.80 |
|  S_AXI_ACLK_IBUF_BUFG | u_axi_slave/wr_b_en                         | u_axi_slave/S_AXI_ARESETN                          |                9 |             36 |         4.00 |
|  S_AXI_ACLK_IBUF_BUFG | u_axi_slave/wr_a_en                         | u_axi_slave/S_AXI_ARESETN                          |                9 |             36 |         4.00 |
|  S_AXI_ACLK_IBUF_BUFG | u_core/u_control_fsm/fsm_r_we               |                                                    |                6 |             44 |         7.33 |
|  S_AXI_ACLK_IBUF_BUFG | u_core/u_control_fsm/sa_enable              | u_core/u_control_fsm/FSM_sequential_state_reg[2]_0 |               33 |            128 |         3.88 |
+-----------------------+---------------------------------------------+----------------------------------------------------+------------------+----------------+--------------+


